2023-08-23T05:51:37+00:00 CRITICAL Uncaught Error: Class "QRcode" not found in /opt/lampp/htdocs/wordpress/wp-content/plugins/qrcode/qrcode.php:92
Stack trace:
#0 /opt/lampp/htdocs/wordpress/wp-includes/shortcodes.php(395): user_qrcode_shortcode('', '', 'user_qrcode')
#1 [internal function]: do_shortcode_tag(Array)
#2 /opt/lampp/htdocs/wordpress/wp-includes/shortcodes.php(235): preg_replace_callback('/\\[(\\[?)(user_q...', 'do_shortcode_ta...', '[user_qrcode]')
#3 /opt/lampp/htdocs/wordpress/wp-content/plugins/qrcode/qrcode.php(50): do_shortcode('[user_qrcode]')
#4 /opt/lampp/htdocs/wordpress/wp-includes/class-wp-hook.php(310): misha_my_account_endpoint_content('')
#5 /opt/lampp/htdocs/wordpress/wp-includes/class-wp-hook.php(334): WP_Hook->apply_filters('', Array)
#6 /opt/lampp/htdocs/wordpress/wp-includes/plugin.php(517): WP_Hook->do_action(Array)
#7 /opt/lampp/htdocs/wordpress/wp-content/plugins/woocommerce/includes/wc-template-functions.php(3213): do_action('woocommerce_acc...', '')
#8 /opt/lampp/htdocs/wordpress/wp-includes/class-wp-hook.php(310): woocommerce_account_content('')
#9 /opt/lampp/htdocs/wordpress/wp-includes/class-wp-hook.php(334): WP_Hook->apply_filters(NULL, Array)
#10 /opt/lampp/htdocs/wordpress/wp-includes/plugin.php(517): WP_Hook->do_action(Array)
#11 /opt/lampp/htdocs/wordpress/wp-content/themes/simple-woocommerce-theme/woocommerce/myaccount/my-account.php(34): do_action('woocommerce_acc...')
#12 /opt/lampp/htdocs/wordpress/wp-content/plugins/woocommerce/includes/wc-core-functions.php(345): include('/opt/lampp/htdo...')
#13 /opt/lampp/htdocs/wordpress/wp-content/plugins/woocommerce/includes/shortcodes/class-wc-shortcode-my-account.php(119): wc_get_template('myaccount/my-ac...', Array)
#14 /opt/lampp/htdocs/wordpress/wp-content/plugins/woocommerce/includes/shortcodes/class-wc-shortcode-my-account.php(72): WC_Shortcode_My_Account::my_account('')
#15 /opt/lampp/htdocs/wordpress/wp-content/plugins/woocommerce/includes/class-wc-shortcodes.php(72): WC_Shortcode_My_Account::output('')
#16 /opt/lampp/htdocs/wordpress/wp-content/plugins/woocommerce/includes/class-wc-shortcodes.php(115): WC_Shortcodes::shortcode_wrapper(Array, '')
#17 /opt/lampp/htdocs/wordpress/wp-includes/shortcodes.php(395): WC_Shortcodes::my_account('', '', 'woocommerce_my_...')
#18 [internal function]: do_shortcode_tag(Array)
#19 /opt/lampp/htdocs/wordpress/wp-includes/shortcodes.php(235): preg_replace_callback('/\\[(\\[?)(woocom...', 'do_shortcode_ta...', '[woocommerce_my...')
#20 /opt/lampp/htdocs/wordpress/wp-includes/class-wp-hook.php(310): do_shortcode('[woocommerce_my...')
#21 /opt/lampp/htdocs/wordpress/wp-includes/plugin.php(205): WP_Hook->apply_filters('[woocommerce_my...', Array)
#22 /opt/lampp/htdocs/wordpress/wp-includes/post-template.php(256): apply_filters('the_content', '<!-- wp:shortco...')
#23 /opt/lampp/htdocs/wordpress/wp-content/themes/simple-woocommerce-theme/page.php(13): the_content()
#24 /opt/lampp/htdocs/wordpress/wp-includes/template-loader.php(106): include('/opt/lampp/htdo...')
#25 /opt/lampp/htdocs/wordpress/wp-blog-header.php(19): require_once('/opt/lampp/htdo...')
#26 /opt/lampp/htdocs/wordpress/index.php(17): require('/opt/lampp/htdo...')
#27 {main}
  thrown in /opt/lampp/htdocs/wordpress/wp-content/plugins/qrcode/qrcode.php on line 92

2023-08-23T06:00:49+00:00 CRITICAL Uncaught TypeError: call_user_func_array(): Argument #1 ($callback) must be a valid callback, function "user_qrcode_enqueue_scripts" not found or invalid function name in /opt/lampp/htdocs/wordpress/wp-includes/class-wp-hook.php:310
Stack trace:
#0 /opt/lampp/htdocs/wordpress/wp-includes/class-wp-hook.php(334): WP_Hook->apply_filters(NULL, Array)
#1 /opt/lampp/htdocs/wordpress/wp-includes/plugin.php(517): WP_Hook->do_action(Array)
#2 /opt/lampp/htdocs/wordpress/wp-includes/script-loader.php(2225): do_action('wp_enqueue_scri...')
#3 /opt/lampp/htdocs/wordpress/wp-includes/class-wp-hook.php(310): wp_enqueue_scripts('')
#4 /opt/lampp/htdocs/wordpress/wp-includes/class-wp-hook.php(334): WP_Hook->apply_filters(NULL, Array)
#5 /opt/lampp/htdocs/wordpress/wp-includes/plugin.php(517): WP_Hook->do_action(Array)
#6 /opt/lampp/htdocs/wordpress/wp-includes/general-template.php(3053): do_action('wp_head')
#7 /opt/lampp/htdocs/wordpress/wp-content/themes/simple-woocommerce-theme/header.php(8): wp_head()
#8 /opt/lampp/htdocs/wordpress/wp-includes/template.php(785): require_once('/opt/lampp/htdo...')
#9 /opt/lampp/htdocs/wordpress/wp-includes/template.php(720): load_template('/opt/lampp/htdo...', true, Array)
#10 /opt/lampp/htdocs/wordpress/wp-includes/general-template.php(48): locate_template(Array, true, true, Array)
#11 /opt/lampp/htdocs/wordpress/wp-content/themes/simple-woocommerce-theme/page.php(7): get_header()
#12 /opt/lampp/htdocs/wordpress/wp-includes/template-loader.php(106): include('/opt/lampp/htdo...')
#13 /opt/lampp/htdocs/wordpress/wp-blog-header.php(19): require_once('/opt/lampp/htdo...')
#14 /opt/lampp/htdocs/wordpress/index.php(17): require('/opt/lampp/htdo...')
#15 {main}
  thrown in /opt/lampp/htdocs/wordpress/wp-includes/class-wp-hook.php on line 310

2023-08-23T06:02:38+00:00 CRITICAL Uncaught TypeError: call_user_func_array(): Argument #1 ($callback) must be a valid callback, function "user_qrcode_enqueue_scripts" not found or invalid function name in /opt/lampp/htdocs/wordpress/wp-includes/class-wp-hook.php:310
Stack trace:
#0 /opt/lampp/htdocs/wordpress/wp-includes/class-wp-hook.php(334): WP_Hook->apply_filters(NULL, Array)
#1 /opt/lampp/htdocs/wordpress/wp-includes/plugin.php(517): WP_Hook->do_action(Array)
#2 /opt/lampp/htdocs/wordpress/wp-includes/script-loader.php(2225): do_action('wp_enqueue_scri...')
#3 /opt/lampp/htdocs/wordpress/wp-includes/class-wp-hook.php(310): wp_enqueue_scripts('')
#4 /opt/lampp/htdocs/wordpress/wp-includes/class-wp-hook.php(334): WP_Hook->apply_filters(NULL, Array)
#5 /opt/lampp/htdocs/wordpress/wp-includes/plugin.php(517): WP_Hook->do_action(Array)
#6 /opt/lampp/htdocs/wordpress/wp-includes/general-template.php(3053): do_action('wp_head')
#7 /opt/lampp/htdocs/wordpress/wp-content/themes/simple-woocommerce-theme/header.php(8): wp_head()
#8 /opt/lampp/htdocs/wordpress/wp-includes/template.php(785): require_once('/opt/lampp/htdo...')
#9 /opt/lampp/htdocs/wordpress/wp-includes/template.php(720): load_template('/opt/lampp/htdo...', true, Array)
#10 /opt/lampp/htdocs/wordpress/wp-includes/general-template.php(48): locate_template(Array, true, true, Array)
#11 /opt/lampp/htdocs/wordpress/wp-content/themes/simple-woocommerce-theme/page.php(7): get_header()
#12 /opt/lampp/htdocs/wordpress/wp-includes/template-loader.php(106): include('/opt/lampp/htdo...')
#13 /opt/lampp/htdocs/wordpress/wp-blog-header.php(19): require_once('/opt/lampp/htdo...')
#14 /opt/lampp/htdocs/wordpress/index.php(17): require('/opt/lampp/htdo...')
#15 {main}
  thrown in /opt/lampp/htdocs/wordpress/wp-includes/class-wp-hook.php on line 310

2023-08-23T06:03:41+00:00 CRITICAL Uncaught TypeError: call_user_func_array(): Argument #1 ($callback) must be a valid callback, function "user_qrcode_enqueue_scripts" not found or invalid function name in /opt/lampp/htdocs/wordpress/wp-includes/class-wp-hook.php:310
Stack trace:
#0 /opt/lampp/htdocs/wordpress/wp-includes/class-wp-hook.php(334): WP_Hook->apply_filters(NULL, Array)
#1 /opt/lampp/htdocs/wordpress/wp-includes/plugin.php(517): WP_Hook->do_action(Array)
#2 /opt/lampp/htdocs/wordpress/wp-includes/script-loader.php(2225): do_action('wp_enqueue_scri...')
#3 /opt/lampp/htdocs/wordpress/wp-includes/class-wp-hook.php(310): wp_enqueue_scripts('')
#4 /opt/lampp/htdocs/wordpress/wp-includes/class-wp-hook.php(334): WP_Hook->apply_filters(NULL, Array)
#5 /opt/lampp/htdocs/wordpress/wp-includes/plugin.php(517): WP_Hook->do_action(Array)
#6 /opt/lampp/htdocs/wordpress/wp-includes/general-template.php(3053): do_action('wp_head')
#7 /opt/lampp/htdocs/wordpress/wp-content/themes/simple-woocommerce-theme/header.php(8): wp_head()
#8 /opt/lampp/htdocs/wordpress/wp-includes/template.php(785): require_once('/opt/lampp/htdo...')
#9 /opt/lampp/htdocs/wordpress/wp-includes/template.php(720): load_template('/opt/lampp/htdo...', true, Array)
#10 /opt/lampp/htdocs/wordpress/wp-includes/general-template.php(48): locate_template(Array, true, true, Array)
#11 /opt/lampp/htdocs/wordpress/wp-content/themes/simple-woocommerce-theme/page.php(7): get_header()
#12 /opt/lampp/htdocs/wordpress/wp-includes/template-loader.php(106): include('/opt/lampp/htdo...')
#13 /opt/lampp/htdocs/wordpress/wp-blog-header.php(19): require_once('/opt/lampp/htdo...')
#14 /opt/lampp/htdocs/wordpress/index.php(17): require('/opt/lampp/htdo...')
#15 {main}
  thrown in /opt/lampp/htdocs/wordpress/wp-includes/class-wp-hook.php on line 310

2023-08-23T06:04:11+00:00 CRITICAL Uncaught TypeError: call_user_func_array(): Argument #1 ($callback) must be a valid callback, function "user_qrcode_enqueue_scripts" not found or invalid function name in /opt/lampp/htdocs/wordpress/wp-includes/class-wp-hook.php:310
Stack trace:
#0 /opt/lampp/htdocs/wordpress/wp-includes/class-wp-hook.php(334): WP_Hook->apply_filters(NULL, Array)
#1 /opt/lampp/htdocs/wordpress/wp-includes/plugin.php(517): WP_Hook->do_action(Array)
#2 /opt/lampp/htdocs/wordpress/wp-includes/script-loader.php(2225): do_action('wp_enqueue_scri...')
#3 /opt/lampp/htdocs/wordpress/wp-includes/class-wp-hook.php(310): wp_enqueue_scripts('')
#4 /opt/lampp/htdocs/wordpress/wp-includes/class-wp-hook.php(334): WP_Hook->apply_filters(NULL, Array)
#5 /opt/lampp/htdocs/wordpress/wp-includes/plugin.php(517): WP_Hook->do_action(Array)
#6 /opt/lampp/htdocs/wordpress/wp-includes/general-template.php(3053): do_action('wp_head')
#7 /opt/lampp/htdocs/wordpress/wp-content/themes/simple-woocommerce-theme/header.php(8): wp_head()
#8 /opt/lampp/htdocs/wordpress/wp-includes/template.php(785): require_once('/opt/lampp/htdo...')
#9 /opt/lampp/htdocs/wordpress/wp-includes/template.php(720): load_template('/opt/lampp/htdo...', true, Array)
#10 /opt/lampp/htdocs/wordpress/wp-includes/general-template.php(48): locate_template(Array, true, true, Array)
#11 /opt/lampp/htdocs/wordpress/wp-content/themes/simple-woocommerce-theme/page.php(7): get_header()
#12 /opt/lampp/htdocs/wordpress/wp-includes/template-loader.php(106): include('/opt/lampp/htdo...')
#13 /opt/lampp/htdocs/wordpress/wp-blog-header.php(19): require_once('/opt/lampp/htdo...')
#14 /opt/lampp/htdocs/wordpress/index.php(17): require('/opt/lampp/htdo...')
#15 {main}
  thrown in /opt/lampp/htdocs/wordpress/wp-includes/class-wp-hook.php on line 310

2023-08-23T06:04:25+00:00 CRITICAL Uncaught TypeError: call_user_func_array(): Argument #1 ($callback) must be a valid callback, function "user_qrcode_enqueue_scripts" not found or invalid function name in /opt/lampp/htdocs/wordpress/wp-includes/class-wp-hook.php:310
Stack trace:
#0 /opt/lampp/htdocs/wordpress/wp-includes/class-wp-hook.php(334): WP_Hook->apply_filters(NULL, Array)
#1 /opt/lampp/htdocs/wordpress/wp-includes/plugin.php(517): WP_Hook->do_action(Array)
#2 /opt/lampp/htdocs/wordpress/wp-includes/script-loader.php(2225): do_action('wp_enqueue_scri...')
#3 /opt/lampp/htdocs/wordpress/wp-includes/class-wp-hook.php(310): wp_enqueue_scripts('')
#4 /opt/lampp/htdocs/wordpress/wp-includes/class-wp-hook.php(334): WP_Hook->apply_filters(NULL, Array)
#5 /opt/lampp/htdocs/wordpress/wp-includes/plugin.php(517): WP_Hook->do_action(Array)
#6 /opt/lampp/htdocs/wordpress/wp-includes/general-template.php(3053): do_action('wp_head')
#7 /opt/lampp/htdocs/wordpress/wp-content/themes/simple-woocommerce-theme/header.php(8): wp_head()
#8 /opt/lampp/htdocs/wordpress/wp-includes/template.php(785): require_once('/opt/lampp/htdo...')
#9 /opt/lampp/htdocs/wordpress/wp-includes/template.php(720): load_template('/opt/lampp/htdo...', true, Array)
#10 /opt/lampp/htdocs/wordpress/wp-includes/general-template.php(48): locate_template(Array, true, true, Array)
#11 /opt/lampp/htdocs/wordpress/wp-content/themes/simple-woocommerce-theme/page.php(7): get_header()
#12 /opt/lampp/htdocs/wordpress/wp-includes/template-loader.php(106): include('/opt/lampp/htdo...')
#13 /opt/lampp/htdocs/wordpress/wp-blog-header.php(19): require_once('/opt/lampp/htdo...')
#14 /opt/lampp/htdocs/wordpress/index.php(17): require('/opt/lampp/htdo...')
#15 {main}
  thrown in /opt/lampp/htdocs/wordpress/wp-includes/class-wp-hook.php on line 310

2023-08-23T06:04:54+00:00 CRITICAL Uncaught TypeError: call_user_func_array(): Argument #1 ($callback) must be a valid callback, function "user_qrcode_enqueue_scripts" not found or invalid function name in /opt/lampp/htdocs/wordpress/wp-includes/class-wp-hook.php:310
Stack trace:
#0 /opt/lampp/htdocs/wordpress/wp-includes/class-wp-hook.php(334): WP_Hook->apply_filters(NULL, Array)
#1 /opt/lampp/htdocs/wordpress/wp-includes/plugin.php(517): WP_Hook->do_action(Array)
#2 /opt/lampp/htdocs/wordpress/wp-includes/script-loader.php(2225): do_action('wp_enqueue_scri...')
#3 /opt/lampp/htdocs/wordpress/wp-includes/class-wp-hook.php(310): wp_enqueue_scripts('')
#4 /opt/lampp/htdocs/wordpress/wp-includes/class-wp-hook.php(334): WP_Hook->apply_filters(NULL, Array)
#5 /opt/lampp/htdocs/wordpress/wp-includes/plugin.php(517): WP_Hook->do_action(Array)
#6 /opt/lampp/htdocs/wordpress/wp-includes/general-template.php(3053): do_action('wp_head')
#7 /opt/lampp/htdocs/wordpress/wp-content/themes/simple-woocommerce-theme/header.php(8): wp_head()
#8 /opt/lampp/htdocs/wordpress/wp-includes/template.php(785): require_once('/opt/lampp/htdo...')
#9 /opt/lampp/htdocs/wordpress/wp-includes/template.php(720): load_template('/opt/lampp/htdo...', true, Array)
#10 /opt/lampp/htdocs/wordpress/wp-includes/general-template.php(48): locate_template(Array, true, true, Array)
#11 /opt/lampp/htdocs/wordpress/wp-content/themes/simple-woocommerce-theme/page.php(7): get_header()
#12 /opt/lampp/htdocs/wordpress/wp-includes/template-loader.php(106): include('/opt/lampp/htdo...')
#13 /opt/lampp/htdocs/wordpress/wp-blog-header.php(19): require_once('/opt/lampp/htdo...')
#14 /opt/lampp/htdocs/wordpress/index.php(17): require('/opt/lampp/htdo...')
#15 {main}
  thrown in /opt/lampp/htdocs/wordpress/wp-includes/class-wp-hook.php on line 310

2023-08-23T06:06:35+00:00 CRITICAL Uncaught Error: Call to undefined method Endroid\QrCode\QrCode::writeDataUri() in /opt/lampp/htdocs/wordpress/wp-content/plugins/qrcode/qrcode.php:91
Stack trace:
#0 /opt/lampp/htdocs/wordpress/wp-includes/shortcodes.php(395): user_qrcode_shortcode(Array, '', 'user_qrcode')
#1 [internal function]: do_shortcode_tag(Array)
#2 /opt/lampp/htdocs/wordpress/wp-includes/shortcodes.php(235): preg_replace_callback('/\\[(\\[?)(user_q...', 'do_shortcode_ta...', '[user_qrcode]')
#3 /opt/lampp/htdocs/wordpress/wp-content/plugins/qrcode/qrcode.php(51): do_shortcode('[user_qrcode]')
#4 /opt/lampp/htdocs/wordpress/wp-includes/class-wp-hook.php(310): misha_my_account_endpoint_content('')
#5 /opt/lampp/htdocs/wordpress/wp-includes/class-wp-hook.php(334): WP_Hook->apply_filters('', Array)
#6 /opt/lampp/htdocs/wordpress/wp-includes/plugin.php(517): WP_Hook->do_action(Array)
#7 /opt/lampp/htdocs/wordpress/wp-content/plugins/woocommerce/includes/wc-template-functions.php(3213): do_action('woocommerce_acc...', '')
#8 /opt/lampp/htdocs/wordpress/wp-includes/class-wp-hook.php(310): woocommerce_account_content('')
#9 /opt/lampp/htdocs/wordpress/wp-includes/class-wp-hook.php(334): WP_Hook->apply_filters(NULL, Array)
#10 /opt/lampp/htdocs/wordpress/wp-includes/plugin.php(517): WP_Hook->do_action(Array)
#11 /opt/lampp/htdocs/wordpress/wp-content/themes/simple-woocommerce-theme/woocommerce/myaccount/my-account.php(34): do_action('woocommerce_acc...')
#12 /opt/lampp/htdocs/wordpress/wp-content/plugins/woocommerce/includes/wc-core-functions.php(345): include('/opt/lampp/htdo...')
#13 /opt/lampp/htdocs/wordpress/wp-content/plugins/woocommerce/includes/shortcodes/class-wc-shortcode-my-account.php(119): wc_get_template('myaccount/my-ac...', Array)
#14 /opt/lampp/htdocs/wordpress/wp-content/plugins/woocommerce/includes/shortcodes/class-wc-shortcode-my-account.php(72): WC_Shortcode_My_Account::my_account('')
#15 /opt/lampp/htdocs/wordpress/wp-content/plugins/woocommerce/includes/class-wc-shortcodes.php(72): WC_Shortcode_My_Account::output('')
#16 /opt/lampp/htdocs/wordpress/wp-content/plugins/woocommerce/includes/class-wc-shortcodes.php(115): WC_Shortcodes::shortcode_wrapper(Array, '')
#17 /opt/lampp/htdocs/wordpress/wp-includes/shortcodes.php(395): WC_Shortcodes::my_account('', '', 'woocommerce_my_...')
#18 [internal function]: do_shortcode_tag(Array)
#19 /opt/lampp/htdocs/wordpress/wp-includes/shortcodes.php(235): preg_replace_callback('/\\[(\\[?)(woocom...', 'do_shortcode_ta...', '[woocommerce_my...')
#20 /opt/lampp/htdocs/wordpress/wp-includes/class-wp-hook.php(310): do_shortcode('[woocommerce_my...')
#21 /opt/lampp/htdocs/wordpress/wp-includes/plugin.php(205): WP_Hook->apply_filters('[woocommerce_my...', Array)
#22 /opt/lampp/htdocs/wordpress/wp-includes/post-template.php(256): apply_filters('the_content', '<!-- wp:shortco...')
#23 /opt/lampp/htdocs/wordpress/wp-content/themes/simple-woocommerce-theme/page.php(13): the_content()
#24 /opt/lampp/htdocs/wordpress/wp-includes/template-loader.php(106): include('/opt/lampp/htdo...')
#25 /opt/lampp/htdocs/wordpress/wp-blog-header.php(19): require_once('/opt/lampp/htdo...')
#26 /opt/lampp/htdocs/wordpress/index.php(17): require('/opt/lampp/htdo...')
#27 {main}
  thrown in /opt/lampp/htdocs/wordpress/wp-content/plugins/qrcode/qrcode.php on line 91

2023-08-23T06:06:39+00:00 CRITICAL Uncaught Error: Call to undefined method Endroid\QrCode\QrCode::writeDataUri() in /opt/lampp/htdocs/wordpress/wp-content/plugins/qrcode/qrcode.php:91
Stack trace:
#0 /opt/lampp/htdocs/wordpress/wp-includes/shortcodes.php(395): user_qrcode_shortcode(Array, '', 'user_qrcode')
#1 [internal function]: do_shortcode_tag(Array)
#2 /opt/lampp/htdocs/wordpress/wp-includes/shortcodes.php(235): preg_replace_callback('/\\[(\\[?)(user_q...', 'do_shortcode_ta...', '[user_qrcode]')
#3 /opt/lampp/htdocs/wordpress/wp-content/plugins/qrcode/qrcode.php(51): do_shortcode('[user_qrcode]')
#4 /opt/lampp/htdocs/wordpress/wp-includes/class-wp-hook.php(310): misha_my_account_endpoint_content('')
#5 /opt/lampp/htdocs/wordpress/wp-includes/class-wp-hook.php(334): WP_Hook->apply_filters('', Array)
#6 /opt/lampp/htdocs/wordpress/wp-includes/plugin.php(517): WP_Hook->do_action(Array)
#7 /opt/lampp/htdocs/wordpress/wp-content/plugins/woocommerce/includes/wc-template-functions.php(3213): do_action('woocommerce_acc...', '')
#8 /opt/lampp/htdocs/wordpress/wp-includes/class-wp-hook.php(310): woocommerce_account_content('')
#9 /opt/lampp/htdocs/wordpress/wp-includes/class-wp-hook.php(334): WP_Hook->apply_filters(NULL, Array)
#10 /opt/lampp/htdocs/wordpress/wp-includes/plugin.php(517): WP_Hook->do_action(Array)
#11 /opt/lampp/htdocs/wordpress/wp-content/themes/simple-woocommerce-theme/woocommerce/myaccount/my-account.php(34): do_action('woocommerce_acc...')
#12 /opt/lampp/htdocs/wordpress/wp-content/plugins/woocommerce/includes/wc-core-functions.php(345): include('/opt/lampp/htdo...')
#13 /opt/lampp/htdocs/wordpress/wp-content/plugins/woocommerce/includes/shortcodes/class-wc-shortcode-my-account.php(119): wc_get_template('myaccount/my-ac...', Array)
#14 /opt/lampp/htdocs/wordpress/wp-content/plugins/woocommerce/includes/shortcodes/class-wc-shortcode-my-account.php(72): WC_Shortcode_My_Account::my_account('')
#15 /opt/lampp/htdocs/wordpress/wp-content/plugins/woocommerce/includes/class-wc-shortcodes.php(72): WC_Shortcode_My_Account::output('')
#16 /opt/lampp/htdocs/wordpress/wp-content/plugins/woocommerce/includes/class-wc-shortcodes.php(115): WC_Shortcodes::shortcode_wrapper(Array, '')
#17 /opt/lampp/htdocs/wordpress/wp-includes/shortcodes.php(395): WC_Shortcodes::my_account('', '', 'woocommerce_my_...')
#18 [internal function]: do_shortcode_tag(Array)
#19 /opt/lampp/htdocs/wordpress/wp-includes/shortcodes.php(235): preg_replace_callback('/\\[(\\[?)(woocom...', 'do_shortcode_ta...', '[woocommerce_my...')
#20 /opt/lampp/htdocs/wordpress/wp-includes/class-wp-hook.php(310): do_shortcode('[woocommerce_my...')
#21 /opt/lampp/htdocs/wordpress/wp-includes/plugin.php(205): WP_Hook->apply_filters('[woocommerce_my...', Array)
#22 /opt/lampp/htdocs/wordpress/wp-includes/post-template.php(256): apply_filters('the_content', '<!-- wp:shortco...')
#23 /opt/lampp/htdocs/wordpress/wp-content/themes/simple-woocommerce-theme/page.php(13): the_content()
#24 /opt/lampp/htdocs/wordpress/wp-includes/template-loader.php(106): include('/opt/lampp/htdo...')
#25 /opt/lampp/htdocs/wordpress/wp-blog-header.php(19): require_once('/opt/lampp/htdo...')
#26 /opt/lampp/htdocs/wordpress/index.php(17): require('/opt/lampp/htdo...')
#27 {main}
  thrown in /opt/lampp/htdocs/wordpress/wp-content/plugins/qrcode/qrcode.php on line 91

2023-08-23T06:07:00+00:00 CRITICAL Uncaught Error: Call to undefined method Endroid\QrCode\QrCode::writeDataUri() in /opt/lampp/htdocs/wordpress/wp-content/plugins/qrcode/qrcode.php:91
Stack trace:
#0 /opt/lampp/htdocs/wordpress/wp-includes/shortcodes.php(395): user_qrcode_shortcode(Array, '', 'user_qrcode')
#1 [internal function]: do_shortcode_tag(Array)
#2 /opt/lampp/htdocs/wordpress/wp-includes/shortcodes.php(235): preg_replace_callback('/\\[(\\[?)(user_q...', 'do_shortcode_ta...', '[user_qrcode]')
#3 /opt/lampp/htdocs/wordpress/wp-content/plugins/qrcode/qrcode.php(51): do_shortcode('[user_qrcode]')
#4 /opt/lampp/htdocs/wordpress/wp-includes/class-wp-hook.php(310): misha_my_account_endpoint_content('')
#5 /opt/lampp/htdocs/wordpress/wp-includes/class-wp-hook.php(334): WP_Hook->apply_filters('', Array)
#6 /opt/lampp/htdocs/wordpress/wp-includes/plugin.php(517): WP_Hook->do_action(Array)
#7 /opt/lampp/htdocs/wordpress/wp-content/plugins/woocommerce/includes/wc-template-functions.php(3213): do_action('woocommerce_acc...', '')
#8 /opt/lampp/htdocs/wordpress/wp-includes/class-wp-hook.php(310): woocommerce_account_content('')
#9 /opt/lampp/htdocs/wordpress/wp-includes/class-wp-hook.php(334): WP_Hook->apply_filters(NULL, Array)
#10 /opt/lampp/htdocs/wordpress/wp-includes/plugin.php(517): WP_Hook->do_action(Array)
#11 /opt/lampp/htdocs/wordpress/wp-content/themes/simple-woocommerce-theme/woocommerce/myaccount/my-account.php(34): do_action('woocommerce_acc...')
#12 /opt/lampp/htdocs/wordpress/wp-content/plugins/woocommerce/includes/wc-core-functions.php(345): include('/opt/lampp/htdo...')
#13 /opt/lampp/htdocs/wordpress/wp-content/plugins/woocommerce/includes/shortcodes/class-wc-shortcode-my-account.php(119): wc_get_template('myaccount/my-ac...', Array)
#14 /opt/lampp/htdocs/wordpress/wp-content/plugins/woocommerce/includes/shortcodes/class-wc-shortcode-my-account.php(72): WC_Shortcode_My_Account::my_account('')
#15 /opt/lampp/htdocs/wordpress/wp-content/plugins/woocommerce/includes/class-wc-shortcodes.php(72): WC_Shortcode_My_Account::output('')
#16 /opt/lampp/htdocs/wordpress/wp-content/plugins/woocommerce/includes/class-wc-shortcodes.php(115): WC_Shortcodes::shortcode_wrapper(Array, '')
#17 /opt/lampp/htdocs/wordpress/wp-includes/shortcodes.php(395): WC_Shortcodes::my_account('', '', 'woocommerce_my_...')
#18 [internal function]: do_shortcode_tag(Array)
#19 /opt/lampp/htdocs/wordpress/wp-includes/shortcodes.php(235): preg_replace_callback('/\\[(\\[?)(woocom...', 'do_shortcode_ta...', '[woocommerce_my...')
#20 /opt/lampp/htdocs/wordpress/wp-includes/class-wp-hook.php(310): do_shortcode('[woocommerce_my...')
#21 /opt/lampp/htdocs/wordpress/wp-includes/plugin.php(205): WP_Hook->apply_filters('[woocommerce_my...', Array)
#22 /opt/lampp/htdocs/wordpress/wp-includes/post-template.php(256): apply_filters('the_content', '<!-- wp:shortco...')
#23 /opt/lampp/htdocs/wordpress/wp-content/themes/simple-woocommerce-theme/page.php(13): the_content()
#24 /opt/lampp/htdocs/wordpress/wp-includes/template-loader.php(106): include('/opt/lampp/htdo...')
#25 /opt/lampp/htdocs/wordpress/wp-blog-header.php(19): require_once('/opt/lampp/htdo...')
#26 /opt/lampp/htdocs/wordpress/index.php(17): require('/opt/lampp/htdo...')
#27 {main}
  thrown in /opt/lampp/htdocs/wordpress/wp-content/plugins/qrcode/qrcode.php on line 91

2023-08-23T06:07:37+00:00 CRITICAL Uncaught Error: Call to undefined method Endroid\QrCode\QrCode::writeDataUri() in /opt/lampp/htdocs/wordpress/wp-content/plugins/qrcode/qrcode.php:91
Stack trace:
#0 /opt/lampp/htdocs/wordpress/wp-includes/shortcodes.php(395): user_qrcode_shortcode(Array, '', 'user_qrcode')
#1 [internal function]: do_shortcode_tag(Array)
#2 /opt/lampp/htdocs/wordpress/wp-includes/shortcodes.php(235): preg_replace_callback('/\\[(\\[?)(user_q...', 'do_shortcode_ta...', '[user_qrcode]')
#3 /opt/lampp/htdocs/wordpress/wp-content/plugins/qrcode/qrcode.php(51): do_shortcode('[user_qrcode]')
#4 /opt/lampp/htdocs/wordpress/wp-includes/class-wp-hook.php(310): misha_my_account_endpoint_content('')
#5 /opt/lampp/htdocs/wordpress/wp-includes/class-wp-hook.php(334): WP_Hook->apply_filters('', Array)
#6 /opt/lampp/htdocs/wordpress/wp-includes/plugin.php(517): WP_Hook->do_action(Array)
#7 /opt/lampp/htdocs/wordpress/wp-content/plugins/woocommerce/includes/wc-template-functions.php(3213): do_action('woocommerce_acc...', '')
#8 /opt/lampp/htdocs/wordpress/wp-includes/class-wp-hook.php(310): woocommerce_account_content('')
#9 /opt/lampp/htdocs/wordpress/wp-includes/class-wp-hook.php(334): WP_Hook->apply_filters(NULL, Array)
#10 /opt/lampp/htdocs/wordpress/wp-includes/plugin.php(517): WP_Hook->do_action(Array)
#11 /opt/lampp/htdocs/wordpress/wp-content/themes/simple-woocommerce-theme/woocommerce/myaccount/my-account.php(34): do_action('woocommerce_acc...')
#12 /opt/lampp/htdocs/wordpress/wp-content/plugins/woocommerce/includes/wc-core-functions.php(345): include('/opt/lampp/htdo...')
#13 /opt/lampp/htdocs/wordpress/wp-content/plugins/woocommerce/includes/shortcodes/class-wc-shortcode-my-account.php(119): wc_get_template('myaccount/my-ac...', Array)
#14 /opt/lampp/htdocs/wordpress/wp-content/plugins/woocommerce/includes/shortcodes/class-wc-shortcode-my-account.php(72): WC_Shortcode_My_Account::my_account('')
#15 /opt/lampp/htdocs/wordpress/wp-content/plugins/woocommerce/includes/class-wc-shortcodes.php(72): WC_Shortcode_My_Account::output('')
#16 /opt/lampp/htdocs/wordpress/wp-content/plugins/woocommerce/includes/class-wc-shortcodes.php(115): WC_Shortcodes::shortcode_wrapper(Array, '')
#17 /opt/lampp/htdocs/wordpress/wp-includes/shortcodes.php(395): WC_Shortcodes::my_account('', '', 'woocommerce_my_...')
#18 [internal function]: do_shortcode_tag(Array)
#19 /opt/lampp/htdocs/wordpress/wp-includes/shortcodes.php(235): preg_replace_callback('/\\[(\\[?)(woocom...', 'do_shortcode_ta...', '[woocommerce_my...')
#20 /opt/lampp/htdocs/wordpress/wp-includes/class-wp-hook.php(310): do_shortcode('[woocommerce_my...')
#21 /opt/lampp/htdocs/wordpress/wp-includes/plugin.php(205): WP_Hook->apply_filters('[woocommerce_my...', Array)
#22 /opt/lampp/htdocs/wordpress/wp-includes/post-template.php(256): apply_filters('the_content', '<!-- wp:shortco...')
#23 /opt/lampp/htdocs/wordpress/wp-content/themes/simple-woocommerce-theme/page.php(13): the_content()
#24 /opt/lampp/htdocs/wordpress/wp-includes/template-loader.php(106): include('/opt/lampp/htdo...')
#25 /opt/lampp/htdocs/wordpress/wp-blog-header.php(19): require_once('/opt/lampp/htdo...')
#26 /opt/lampp/htdocs/wordpress/index.php(17): require('/opt/lampp/htdo...')
#27 {main}
  thrown in /opt/lampp/htdocs/wordpress/wp-content/plugins/qrcode/qrcode.php on line 91

