2023-08-16T06:25:55+00:00 CRITICAL Uncaught ArgumentCountError: _() expects exactly 1 argument, 2 given in /opt/lampp/htdocs/wordpress/wp-content/themes/simple-woocommerce-theme/functions.php:302
Stack trace:
#0 /opt/lampp/htdocs/wordpress/wp-content/themes/simple-woocommerce-theme/functions.php(302): _('Featured Home P...', 'theme_textdomai...')
#1 /opt/lampp/htdocs/wordpress/wp-includes/class-wp-hook.php(310): my_customize_register(Object(WP_Customize_Manager))
#2 /opt/lampp/htdocs/wordpress/wp-includes/class-wp-hook.php(334): WP_Hook->apply_filters(NULL, Array)
#3 /opt/lampp/htdocs/wordpress/wp-includes/plugin.php(517): WP_Hook->do_action(Array)
#4 /opt/lampp/htdocs/wordpress/wp-includes/class-wp-customize-manager.php(940): do_action('customize_regis...', Object(WP_Customize_Manager))
#5 /opt/lampp/htdocs/wordpress/wp-includes/class-wp-hook.php(310): WP_Customize_Manager->wp_loaded('')
#6 /opt/lampp/htdocs/wordpress/wp-includes/class-wp-hook.php(334): WP_Hook->apply_filters(NULL, Array)
#7 /opt/lampp/htdocs/wordpress/wp-includes/plugin.php(517): WP_Hook->do_action(Array)
#8 /opt/lampp/htdocs/wordpress/wp-settings.php(654): do_action('wp_loaded')
#9 /opt/lampp/htdocs/wordpress/wp-config.php(102): require_once('/opt/lampp/htdo...')
#10 /opt/lampp/htdocs/wordpress/wp-load.php(50): require_once('/opt/lampp/htdo...')
#11 /opt/lampp/htdocs/wordpress/wp-admin/admin.php(34): require_once('/opt/lampp/htdo...')
#12 /opt/lampp/htdocs/wordpress/wp-admin/customize.php(13): require_once('/opt/lampp/htdo...')
#13 {main}
  thrown in /opt/lampp/htdocs/wordpress/wp-content/themes/simple-woocommerce-theme/functions.php on line 302

2023-08-16T06:59:03+00:00 CRITICAL syntax error, unexpected token "public", expecting end of file in /opt/lampp/htdocs/wordpress/wp-content/themes/simple-woocommerce-theme/functions.php on line 274

2023-08-16T08:46:58+00:00 CRITICAL Cannot redeclare sanitize_hex_color() (previously declared in /opt/lampp/htdocs/wordpress/wp-includes/formatting.php:6201) in /opt/lampp/htdocs/wordpress/wp-content/themes/simple-woocommerce-theme/functions.php on line 273

2023-08-16T08:49:33+00:00 CRITICAL syntax error, unexpected single-quoted string "sanitize_callback", expecting ")" in /opt/lampp/htdocs/wordpress/wp-content/themes/simple-woocommerce-theme/functions.php on line 236

2023-08-16T08:49:36+00:00 CRITICAL syntax error, unexpected single-quoted string "sanitize_callback", expecting ")" in /opt/lampp/htdocs/wordpress/wp-content/themes/simple-woocommerce-theme/functions.php on line 236

