2023-08-21T10:31:45+00:00 CRITICAL Uncaught Error: Failed opening required '/opt/lampp/htdocs/wordpress/wp-content/themes/simple-woocommerce-theme/include/pdf-order-generator.php' (include_path='.:/opt/lampp/lib/php') in /opt/lampp/htdocs/wordpress/wp-content/themes/simple-woocommerce-theme/functions.php:77
Stack trace:
#0 /opt/lampp/htdocs/wordpress/wp-settings.php(600): include()
#1 /opt/lampp/htdocs/wordpress/wp-config.php(102): require_once('/opt/lampp/htdo...')
#2 /opt/lampp/htdocs/wordpress/wp-load.php(50): require_once('/opt/lampp/htdo...')
#3 /opt/lampp/htdocs/wordpress/wp-admin/admin-ajax.php(22): require_once('/opt/lampp/htdo...')
#4 {main}
  thrown in /opt/lampp/htdocs/wordpress/wp-content/themes/simple-woocommerce-theme/functions.php on line 77

2023-08-21T10:32:46+00:00 CRITICAL Uncaught Error: Failed opening required '/opt/lampp/htdocs/wordpress/wp-content/themes/simple-woocommerce-theme/include/pdf-order-generator.php' (include_path='.:/opt/lampp/lib/php') in /opt/lampp/htdocs/wordpress/wp-content/themes/simple-woocommerce-theme/functions.php:77
Stack trace:
#0 /opt/lampp/htdocs/wordpress/wp-settings.php(600): include()
#1 /opt/lampp/htdocs/wordpress/wp-config.php(102): require_once('/opt/lampp/htdo...')
#2 /opt/lampp/htdocs/wordpress/wp-load.php(50): require_once('/opt/lampp/htdo...')
#3 /opt/lampp/htdocs/wordpress/wp-admin/admin-ajax.php(22): require_once('/opt/lampp/htdo...')
#4 {main}
  thrown in /opt/lampp/htdocs/wordpress/wp-content/themes/simple-woocommerce-theme/functions.php on line 77

2023-08-21T10:34:46+00:00 CRITICAL Uncaught Error: Failed opening required '/opt/lampp/htdocs/wordpress/wp-content/themes/simple-woocommerce-theme/include/pdf-order-generator.php' (include_path='.:/opt/lampp/lib/php') in /opt/lampp/htdocs/wordpress/wp-content/themes/simple-woocommerce-theme/functions.php:77
Stack trace:
#0 /opt/lampp/htdocs/wordpress/wp-settings.php(600): include()
#1 /opt/lampp/htdocs/wordpress/wp-config.php(102): require_once('/opt/lampp/htdo...')
#2 /opt/lampp/htdocs/wordpress/wp-load.php(50): require_once('/opt/lampp/htdo...')
#3 /opt/lampp/htdocs/wordpress/wp-admin/admin-ajax.php(22): require_once('/opt/lampp/htdo...')
#4 {main}
  thrown in /opt/lampp/htdocs/wordpress/wp-content/themes/simple-woocommerce-theme/functions.php on line 77

2023-08-21T10:36:46+00:00 CRITICAL Uncaught Error: Failed opening required '/opt/lampp/htdocs/wordpress/wp-content/themes/simple-woocommerce-theme/include/pdf-order-generator.php' (include_path='.:/opt/lampp/lib/php') in /opt/lampp/htdocs/wordpress/wp-content/themes/simple-woocommerce-theme/functions.php:77
Stack trace:
#0 /opt/lampp/htdocs/wordpress/wp-settings.php(600): include()
#1 /opt/lampp/htdocs/wordpress/wp-config.php(102): require_once('/opt/lampp/htdo...')
#2 /opt/lampp/htdocs/wordpress/wp-load.php(50): require_once('/opt/lampp/htdo...')
#3 /opt/lampp/htdocs/wordpress/wp-admin/admin-ajax.php(22): require_once('/opt/lampp/htdo...')
#4 {main}
  thrown in /opt/lampp/htdocs/wordpress/wp-content/themes/simple-woocommerce-theme/functions.php on line 77

2023-08-21T10:38:47+00:00 CRITICAL Uncaught Error: Failed opening required '/opt/lampp/htdocs/wordpress/wp-content/themes/simple-woocommerce-theme/include/pdf-order-generator.php' (include_path='.:/opt/lampp/lib/php') in /opt/lampp/htdocs/wordpress/wp-content/themes/simple-woocommerce-theme/functions.php:77
Stack trace:
#0 /opt/lampp/htdocs/wordpress/wp-settings.php(600): include()
#1 /opt/lampp/htdocs/wordpress/wp-config.php(102): require_once('/opt/lampp/htdo...')
#2 /opt/lampp/htdocs/wordpress/wp-load.php(50): require_once('/opt/lampp/htdo...')
#3 /opt/lampp/htdocs/wordpress/wp-admin/admin-ajax.php(22): require_once('/opt/lampp/htdo...')
#4 {main}
  thrown in /opt/lampp/htdocs/wordpress/wp-content/themes/simple-woocommerce-theme/functions.php on line 77

2023-08-21T10:40:48+00:00 CRITICAL Uncaught Error: Failed opening required '/opt/lampp/htdocs/wordpress/wp-content/themes/simple-woocommerce-theme/include/pdf-order-generator.php' (include_path='.:/opt/lampp/lib/php') in /opt/lampp/htdocs/wordpress/wp-content/themes/simple-woocommerce-theme/functions.php:77
Stack trace:
#0 /opt/lampp/htdocs/wordpress/wp-settings.php(600): include()
#1 /opt/lampp/htdocs/wordpress/wp-config.php(102): require_once('/opt/lampp/htdo...')
#2 /opt/lampp/htdocs/wordpress/wp-load.php(50): require_once('/opt/lampp/htdo...')
#3 /opt/lampp/htdocs/wordpress/wp-admin/admin-ajax.php(22): require_once('/opt/lampp/htdo...')
#4 {main}
  thrown in /opt/lampp/htdocs/wordpress/wp-content/themes/simple-woocommerce-theme/functions.php on line 77

2023-08-21T10:49:08+00:00 CRITICAL Uncaught Error: Failed opening required '/opt/lampp/htdocs/wordpress/wp-content/themes/simple-woocommerce-theme/include/pdf-order-generator.php' (include_path='.:/opt/lampp/lib/php') in /opt/lampp/htdocs/wordpress/wp-content/themes/simple-woocommerce-theme/functions.php:77
Stack trace:
#0 /opt/lampp/htdocs/wordpress/wp-settings.php(600): include()
#1 /opt/lampp/htdocs/wordpress/wp-config.php(102): require_once('/opt/lampp/htdo...')
#2 /opt/lampp/htdocs/wordpress/wp-load.php(50): require_once('/opt/lampp/htdo...')
#3 /opt/lampp/htdocs/wordpress/wp-blog-header.php(13): require_once('/opt/lampp/htdo...')
#4 /opt/lampp/htdocs/wordpress/index.php(17): require('/opt/lampp/htdo...')
#5 {main}
  thrown in /opt/lampp/htdocs/wordpress/wp-content/themes/simple-woocommerce-theme/functions.php on line 77

2023-08-21T10:50:08+00:00 CRITICAL Uncaught Error: Failed opening required '/opt/lampp/htdocs/wordpress/wp-content/themes/simple-woocommerce-theme/include/pdf-order-generator.php' (include_path='.:/opt/lampp/lib/php') in /opt/lampp/htdocs/wordpress/wp-content/themes/simple-woocommerce-theme/functions.php:77
Stack trace:
#0 /opt/lampp/htdocs/wordpress/wp-settings.php(600): include()
#1 /opt/lampp/htdocs/wordpress/wp-config.php(102): require_once('/opt/lampp/htdo...')
#2 /opt/lampp/htdocs/wordpress/wp-load.php(50): require_once('/opt/lampp/htdo...')
#3 /opt/lampp/htdocs/wordpress/wp-blog-header.php(13): require_once('/opt/lampp/htdo...')
#4 /opt/lampp/htdocs/wordpress/index.php(17): require('/opt/lampp/htdo...')
#5 {main}
  thrown in /opt/lampp/htdocs/wordpress/wp-content/themes/simple-woocommerce-theme/functions.php on line 77

2023-08-21T11:32:07+00:00 CRITICAL Uncaught TypeError: call_user_func_array(): Argument #1 ($callback) must be a valid callback, function "‘callback_function’" not found or invalid function name in /opt/lampp/htdocs/wordpress/wp-includes/class-wp-hook.php:310
Stack trace:
#0 /opt/lampp/htdocs/wordpress/wp-includes/class-wp-hook.php(334): WP_Hook->apply_filters('', Array)
#1 /opt/lampp/htdocs/wordpress/wp-includes/plugin.php(517): WP_Hook->do_action(Array)
#2 /opt/lampp/htdocs/wordpress/wp-content/plugins/wc-invoice-download/wc-invoice-download.php(187): do_action('wc_invoice_orde...', Object(Automattic\WooCommerce\Admin\Overrides\Order))
#3 /opt/lampp/htdocs/wordpress/wp-includes/class-wp-hook.php(310): wc_invoice_get_order_details_pdf_ajax_code('')
#4 /opt/lampp/htdocs/wordpress/wp-includes/class-wp-hook.php(334): WP_Hook->apply_filters('', Array)
#5 /opt/lampp/htdocs/wordpress/wp-includes/plugin.php(517): WP_Hook->do_action(Array)
#6 /opt/lampp/htdocs/wordpress/wp-admin/admin-ajax.php(188): do_action('wp_ajax_get_ord...')
#7 {main}
  thrown in /opt/lampp/htdocs/wordpress/wp-includes/class-wp-hook.php on line 310

2023-08-21T11:51:05+00:00 CRITICAL Uncaught ArgumentCountError: Too few arguments to function callback_function(), 1 passed in /opt/lampp/htdocs/wordpress/wp-includes/class-wp-hook.php on line 310 and exactly 2 expected in /opt/lampp/htdocs/wordpress/wp-content/themes/simple-woocommerce-theme/functions.php:99
Stack trace:
#0 /opt/lampp/htdocs/wordpress/wp-includes/class-wp-hook.php(310): callback_function(Object(Automattic\WooCommerce\Admin\Overrides\Order))
#1 /opt/lampp/htdocs/wordpress/wp-includes/class-wp-hook.php(334): WP_Hook->apply_filters('', Array)
#2 /opt/lampp/htdocs/wordpress/wp-includes/plugin.php(517): WP_Hook->do_action(Array)
#3 /opt/lampp/htdocs/wordpress/wp-content/plugins/wc-invoice-download/wc-invoice-download.php(187): do_action('wc_invoice_orde...', Object(Automattic\WooCommerce\Admin\Overrides\Order))
#4 /opt/lampp/htdocs/wordpress/wp-includes/class-wp-hook.php(310): wc_invoice_get_order_details_pdf_ajax_code('')
#5 /opt/lampp/htdocs/wordpress/wp-includes/class-wp-hook.php(334): WP_Hook->apply_filters('', Array)
#6 /opt/lampp/htdocs/wordpress/wp-includes/plugin.php(517): WP_Hook->do_action(Array)
#7 /opt/lampp/htdocs/wordpress/wp-admin/admin-ajax.php(188): do_action('wp_ajax_get_ord...')
#8 {main}
  thrown in /opt/lampp/htdocs/wordpress/wp-content/themes/simple-woocommerce-theme/functions.php on line 99

