2023-09-13T06:19:57+00:00 CRITICAL Uncaught Error: Call to a member function get_cart() on null in /opt/lampp/htdocs/wordpress/wp-content/plugins/wallet-system-for-wc/wallet-system-for-wc.php:418
Stack trace:
#0 /opt/lampp/htdocs/wordpress/wp-includes/class-wp-hook.php(310): disable_payment_method_for_specific_product(Array)
#1 /opt/lampp/htdocs/wordpress/wp-includes/plugin.php(205): WP_Hook->apply_filters(Array, Array)
#2 /opt/lampp/htdocs/wordpress/wp-content/plugins/woocommerce/includes/class-wc-payment-gateways.php(163): apply_filters('woocommerce_ava...', Array)
#3 /opt/lampp/htdocs/wordpress/wp-content/plugins/woocommerce/src/Internal/Admin/WcPayWelcomePage.php(292): WC_Payment_Gateways->get_available_payment_gateways()
#4 /opt/lampp/htdocs/wordpress/wp-content/plugins/woocommerce/src/Internal/Admin/WcPayWelcomePage.php(82): Automattic\WooCommerce\Internal\Admin\WcPayWelcomePage->get_incentive()
#5 /opt/lampp/htdocs/wordpress/wp-content/plugins/woocommerce/src/Internal/Admin/WcPayWelcomePage.php(100): Automattic\WooCommerce\Internal\Admin\WcPayWelcomePage->must_be_visible()
#6 /opt/lampp/htdocs/wordpress/wp-includes/class-wp-hook.php(310): Automattic\WooCommerce\Internal\Admin\WcPayWelcomePage->register_payments_welcome_page('')
#7 /opt/lampp/htdocs/wordpress/wp-includes/class-wp-hook.php(334): WP_Hook->apply_filters(NULL, Array)
#8 /opt/lampp/htdocs/wordpress/wp-includes/plugin.php(517): WP_Hook->do_action(Array)
#9 /opt/lampp/htdocs/wordpress/wp-admin/includes/menu.php(161): do_action('admin_menu', '')
#10 /opt/lampp/htdocs/wordpress/wp-admin/menu.php(420): require_once('/opt/lampp/htdo...')
#11 /opt/lampp/htdocs/wordpress/wp-admin/admin.php(158): require('/opt/lampp/htdo...')
#12 /opt/lampp/htdocs/wordpress/wp-admin/edit.php(10): require_once('/opt/lampp/htdo...')
#13 {main}
  thrown in /opt/lampp/htdocs/wordpress/wp-content/plugins/wallet-system-for-wc/wallet-system-for-wc.php on line 418

2023-09-13T06:20:03+00:00 CRITICAL Uncaught Error: Call to a member function get_cart() on null in /opt/lampp/htdocs/wordpress/wp-content/plugins/wallet-system-for-wc/wallet-system-for-wc.php:418
Stack trace:
#0 /opt/lampp/htdocs/wordpress/wp-includes/class-wp-hook.php(310): disable_payment_method_for_specific_product(Array)
#1 /opt/lampp/htdocs/wordpress/wp-includes/plugin.php(205): WP_Hook->apply_filters(Array, Array)
#2 /opt/lampp/htdocs/wordpress/wp-content/plugins/woocommerce/includes/class-wc-payment-gateways.php(163): apply_filters('woocommerce_ava...', Array)
#3 /opt/lampp/htdocs/wordpress/wp-content/plugins/woocommerce/src/Internal/Admin/WcPayWelcomePage.php(292): WC_Payment_Gateways->get_available_payment_gateways()
#4 /opt/lampp/htdocs/wordpress/wp-content/plugins/woocommerce/src/Internal/Admin/WcPayWelcomePage.php(82): Automattic\WooCommerce\Internal\Admin\WcPayWelcomePage->get_incentive()
#5 /opt/lampp/htdocs/wordpress/wp-content/plugins/woocommerce/src/Internal/Admin/WcPayWelcomePage.php(100): Automattic\WooCommerce\Internal\Admin\WcPayWelcomePage->must_be_visible()
#6 /opt/lampp/htdocs/wordpress/wp-includes/class-wp-hook.php(310): Automattic\WooCommerce\Internal\Admin\WcPayWelcomePage->register_payments_welcome_page('')
#7 /opt/lampp/htdocs/wordpress/wp-includes/class-wp-hook.php(334): WP_Hook->apply_filters(NULL, Array)
#8 /opt/lampp/htdocs/wordpress/wp-includes/plugin.php(517): WP_Hook->do_action(Array)
#9 /opt/lampp/htdocs/wordpress/wp-admin/includes/menu.php(161): do_action('admin_menu', '')
#10 /opt/lampp/htdocs/wordpress/wp-admin/menu.php(420): require_once('/opt/lampp/htdo...')
#11 /opt/lampp/htdocs/wordpress/wp-admin/admin.php(158): require('/opt/lampp/htdo...')
#12 /opt/lampp/htdocs/wordpress/wp-admin/edit.php(10): require_once('/opt/lampp/htdo...')
#13 {main}
  thrown in /opt/lampp/htdocs/wordpress/wp-content/plugins/wallet-system-for-wc/wallet-system-for-wc.php on line 418

2023-09-13T06:21:34+00:00 CRITICAL Uncaught Error: Call to a member function get_cart() on null in /opt/lampp/htdocs/wordpress/wp-content/plugins/wallet-system-for-wc/wallet-system-for-wc.php:418
Stack trace:
#0 /opt/lampp/htdocs/wordpress/wp-includes/class-wp-hook.php(310): disable_payment_method_for_specific_product(Array)
#1 /opt/lampp/htdocs/wordpress/wp-includes/plugin.php(205): WP_Hook->apply_filters(Array, Array)
#2 /opt/lampp/htdocs/wordpress/wp-content/plugins/woocommerce/includes/class-wc-payment-gateways.php(163): apply_filters('woocommerce_ava...', Array)
#3 /opt/lampp/htdocs/wordpress/wp-content/plugins/woocommerce/src/Internal/Admin/WcPayWelcomePage.php(292): WC_Payment_Gateways->get_available_payment_gateways()
#4 /opt/lampp/htdocs/wordpress/wp-content/plugins/woocommerce/src/Internal/Admin/WcPayWelcomePage.php(82): Automattic\WooCommerce\Internal\Admin\WcPayWelcomePage->get_incentive()
#5 /opt/lampp/htdocs/wordpress/wp-content/plugins/woocommerce/src/Internal/Admin/WcPayWelcomePage.php(100): Automattic\WooCommerce\Internal\Admin\WcPayWelcomePage->must_be_visible()
#6 /opt/lampp/htdocs/wordpress/wp-includes/class-wp-hook.php(310): Automattic\WooCommerce\Internal\Admin\WcPayWelcomePage->register_payments_welcome_page('')
#7 /opt/lampp/htdocs/wordpress/wp-includes/class-wp-hook.php(334): WP_Hook->apply_filters(NULL, Array)
#8 /opt/lampp/htdocs/wordpress/wp-includes/plugin.php(517): WP_Hook->do_action(Array)
#9 /opt/lampp/htdocs/wordpress/wp-admin/includes/menu.php(161): do_action('admin_menu', '')
#10 /opt/lampp/htdocs/wordpress/wp-admin/menu.php(420): require_once('/opt/lampp/htdo...')
#11 /opt/lampp/htdocs/wordpress/wp-admin/admin.php(158): require('/opt/lampp/htdo...')
#12 /opt/lampp/htdocs/wordpress/wp-admin/edit.php(10): require_once('/opt/lampp/htdo...')
#13 {main}
  thrown in /opt/lampp/htdocs/wordpress/wp-content/plugins/wallet-system-for-wc/wallet-system-for-wc.php on line 418

