2023-08-22T05:29:25+00:00 CRITICAL Cannot redeclare send_sms_on_order_received() (previously declared in /opt/lampp/htdocs/wordpress/wp-content/themes/simple-woocommerce-theme/functions.php:108) in /opt/lampp/htdocs/wordpress/wp-content/plugins/sms/send-sms-basic.php on line 62

2023-08-22T05:29:26+00:00 CRITICAL Cannot redeclare send_sms_on_order_received() (previously declared in /opt/lampp/htdocs/wordpress/wp-content/themes/simple-woocommerce-theme/functions.php:108) in /opt/lampp/htdocs/wordpress/wp-content/plugins/sms/send-sms-basic.php on line 62

2023-08-22T05:29:26+00:00 CRITICAL Cannot redeclare send_sms_on_order_received() (previously declared in /opt/lampp/htdocs/wordpress/wp-content/themes/simple-woocommerce-theme/functions.php:108) in /opt/lampp/htdocs/wordpress/wp-content/plugins/sms/send-sms-basic.php on line 62

2023-08-22T05:32:14+00:00 CRITICAL Cannot redeclare send_sms_on_order_received() (previously declared in /opt/lampp/htdocs/wordpress/wp-content/themes/simple-woocommerce-theme/functions.php:108) in /opt/lampp/htdocs/wordpress/wp-content/plugins/sms/send-sms-basic.php on line 34

2023-08-22T05:32:15+00:00 CRITICAL Cannot redeclare send_sms_on_order_received() (previously declared in /opt/lampp/htdocs/wordpress/wp-content/themes/simple-woocommerce-theme/functions.php:108) in /opt/lampp/htdocs/wordpress/wp-content/plugins/sms/send-sms-basic.php on line 34

2023-08-22T05:32:15+00:00 CRITICAL Cannot redeclare send_sms_on_order_received() (previously declared in /opt/lampp/htdocs/wordpress/wp-content/themes/simple-woocommerce-theme/functions.php:108) in /opt/lampp/htdocs/wordpress/wp-content/plugins/sms/send-sms-basic.php on line 34

2023-08-22T05:34:02+00:00 CRITICAL Uncaught Error: Failed opening required '../vendor/autoload.php' (include_path='.:/opt/lampp/lib/php') in /opt/lampp/htdocs/wordpress/wp-content/plugins/sms/send-sms-basic.php:21
Stack trace:
#0 /opt/lampp/htdocs/wordpress/wp-admin/includes/plugin.php(2318): include_once()
#1 /opt/lampp/htdocs/wordpress/wp-admin/includes/plugin.php(663): plugin_sandbox_scrape('sms/send-sms-ba...')
#2 /opt/lampp/htdocs/wordpress/wp-admin/plugins.php(58): activate_plugin('sms/send-sms-ba...', 'http://localhos...', false)
#3 {main}
  thrown in /opt/lampp/htdocs/wordpress/wp-content/plugins/sms/send-sms-basic.php on line 21

2023-08-22T05:34:03+00:00 CRITICAL Uncaught Error: Failed opening required '../vendor/autoload.php' (include_path='.:/opt/lampp/lib/php') in /opt/lampp/htdocs/wordpress/wp-content/plugins/sms/send-sms-basic.php:21
Stack trace:
#0 /opt/lampp/htdocs/wordpress/wp-admin/includes/plugin.php(2318): include_once()
#1 /opt/lampp/htdocs/wordpress/wp-admin/plugins.php(192): plugin_sandbox_scrape('sms/send-sms-ba...')
#2 {main}
  thrown in /opt/lampp/htdocs/wordpress/wp-content/plugins/sms/send-sms-basic.php on line 21

2023-08-22T05:34:03+00:00 CRITICAL Uncaught Error: Failed opening required '../vendor/autoload.php' (include_path='.:/opt/lampp/lib/php') in /opt/lampp/htdocs/wordpress/wp-content/plugins/sms/send-sms-basic.php:21
Stack trace:
#0 /opt/lampp/htdocs/wordpress/wp-admin/includes/plugin.php(2318): include_once()
#1 /opt/lampp/htdocs/wordpress/wp-admin/plugins.php(192): plugin_sandbox_scrape('sms/send-sms-ba...')
#2 {main}
  thrown in /opt/lampp/htdocs/wordpress/wp-content/plugins/sms/send-sms-basic.php on line 21

2023-08-22T08:39:14+00:00 CRITICAL Uncaught Error: Class "{"messages":[{"messageId":"3926935545764335830714","status":{"description":"Message sent to next instance","groupId":1,"groupName":"PENDING","id":26,"name":"PENDING_ACCEPTED"},"to":"917489491430"}]}" not found in /opt/lampp/htdocs/wordpress/wp-content/plugins/sms/send-sms-basic.php:119
Stack trace:
#0 /opt/lampp/htdocs/wordpress/wp-includes/shortcodes.php(395): send_data_to_api('', '', 'custom_shortcod...')
#1 [internal function]: do_shortcode_tag(Array)
#2 /opt/lampp/htdocs/wordpress/wp-includes/shortcodes.php(235): preg_replace_callback('/\\[(\\[?)(custom...', 'do_shortcode_ta...', '[custom_shortco...')
#3 /opt/lampp/htdocs/wordpress/wp-content/themes/simple-woocommerce-theme/home.php(7): do_shortcode('[custom_shortco...')
#4 /opt/lampp/htdocs/wordpress/wp-includes/template-loader.php(106): include('/opt/lampp/htdo...')
#5 /opt/lampp/htdocs/wordpress/wp-blog-header.php(19): require_once('/opt/lampp/htdo...')
#6 /opt/lampp/htdocs/wordpress/index.php(17): require('/opt/lampp/htdo...')
#7 {main}
  thrown in /opt/lampp/htdocs/wordpress/wp-content/plugins/sms/send-sms-basic.php on line 119

2023-08-22T08:39:34+00:00 CRITICAL Uncaught Error: Class "{"messages":[{"messageId":"3926935742444335378124","status":{"description":"Message sent to next instance","groupId":1,"groupName":"PENDING","id":26,"name":"PENDING_ACCEPTED"},"to":"917489491430"}]}" not found in /opt/lampp/htdocs/wordpress/wp-content/plugins/sms/send-sms-basic.php:119
Stack trace:
#0 /opt/lampp/htdocs/wordpress/wp-includes/shortcodes.php(395): send_data_to_api('', '', 'custom_shortcod...')
#1 [internal function]: do_shortcode_tag(Array)
#2 /opt/lampp/htdocs/wordpress/wp-includes/shortcodes.php(235): preg_replace_callback('/\\[(\\[?)(custom...', 'do_shortcode_ta...', '[custom_shortco...')
#3 /opt/lampp/htdocs/wordpress/wp-content/themes/simple-woocommerce-theme/home.php(7): do_shortcode('[custom_shortco...')
#4 /opt/lampp/htdocs/wordpress/wp-includes/template-loader.php(106): include('/opt/lampp/htdo...')
#5 /opt/lampp/htdocs/wordpress/wp-blog-header.php(19): require_once('/opt/lampp/htdo...')
#6 /opt/lampp/htdocs/wordpress/index.php(17): require('/opt/lampp/htdo...')
#7 {main}
  thrown in /opt/lampp/htdocs/wordpress/wp-content/plugins/sms/send-sms-basic.php on line 119

2023-08-22T08:39:41+00:00 CRITICAL Uncaught Error: Class "{"messages":[{"messageId":"3926935814694335497608","status":{"description":"Message sent to next instance","groupId":1,"groupName":"PENDING","id":26,"name":"PENDING_ACCEPTED"},"to":"917489491430"}]}" not found in /opt/lampp/htdocs/wordpress/wp-content/plugins/sms/send-sms-basic.php:119
Stack trace:
#0 /opt/lampp/htdocs/wordpress/wp-includes/shortcodes.php(395): send_data_to_api('', '', 'custom_shortcod...')
#1 [internal function]: do_shortcode_tag(Array)
#2 /opt/lampp/htdocs/wordpress/wp-includes/shortcodes.php(235): preg_replace_callback('/\\[(\\[?)(custom...', 'do_shortcode_ta...', '[custom_shortco...')
#3 /opt/lampp/htdocs/wordpress/wp-content/themes/simple-woocommerce-theme/home.php(7): do_shortcode('[custom_shortco...')
#4 /opt/lampp/htdocs/wordpress/wp-includes/template-loader.php(106): include('/opt/lampp/htdo...')
#5 /opt/lampp/htdocs/wordpress/wp-blog-header.php(19): require_once('/opt/lampp/htdo...')
#6 /opt/lampp/htdocs/wordpress/index.php(17): require('/opt/lampp/htdo...')
#7 {main}
  thrown in /opt/lampp/htdocs/wordpress/wp-content/plugins/sms/send-sms-basic.php on line 119

2023-08-22T09:07:43+00:00 CRITICAL Uncaught TypeError: json_decode(): Argument #1 ($json) must be of type string, stdClass given in /opt/lampp/htdocs/wordpress/wp-content/plugins/sms/send-sms-basic.php:138
Stack trace:
#0 /opt/lampp/htdocs/wordpress/wp-content/plugins/sms/send-sms-basic.php(138): json_decode(Object(stdClass))
#1 /opt/lampp/htdocs/wordpress/wp-includes/shortcodes.php(395): send_data_to_api('', '', 'custom_shortcod...')
#2 [internal function]: do_shortcode_tag(Array)
#3 /opt/lampp/htdocs/wordpress/wp-includes/shortcodes.php(235): preg_replace_callback('/\\[(\\[?)(custom...', 'do_shortcode_ta...', '[custom_shortco...')
#4 /opt/lampp/htdocs/wordpress/wp-content/themes/simple-woocommerce-theme/home.php(7): do_shortcode('[custom_shortco...')
#5 /opt/lampp/htdocs/wordpress/wp-includes/template-loader.php(106): include('/opt/lampp/htdo...')
#6 /opt/lampp/htdocs/wordpress/wp-blog-header.php(19): require_once('/opt/lampp/htdo...')
#7 /opt/lampp/htdocs/wordpress/index.php(17): require('/opt/lampp/htdo...')
#8 {main}
  thrown in /opt/lampp/htdocs/wordpress/wp-content/plugins/sms/send-sms-basic.php on line 138

2023-08-22T10:07:23+00:00 CRITICAL Uncaught Error: Call to a member function get_billing_phone() on bool in /opt/lampp/htdocs/wordpress/wp-content/plugins/sms/send-sms-basic.php:29
Stack trace:
#0 /opt/lampp/htdocs/wordpress/wp-includes/shortcodes.php(395): send_data_to_api('', '', 'custom_shortcod...')
#1 [internal function]: do_shortcode_tag(Array)
#2 /opt/lampp/htdocs/wordpress/wp-includes/shortcodes.php(235): preg_replace_callback('/\\[(\\[?)(custom...', 'do_shortcode_ta...', '[custom_shortco...')
#3 /opt/lampp/htdocs/wordpress/wp-content/themes/simple-woocommerce-theme/home.php(7): do_shortcode('[custom_shortco...')
#4 /opt/lampp/htdocs/wordpress/wp-includes/template-loader.php(106): include('/opt/lampp/htdo...')
#5 /opt/lampp/htdocs/wordpress/wp-blog-header.php(19): require_once('/opt/lampp/htdo...')
#6 /opt/lampp/htdocs/wordpress/index.php(17): require('/opt/lampp/htdo...')
#7 {main}
  thrown in /opt/lampp/htdocs/wordpress/wp-content/plugins/sms/send-sms-basic.php on line 29

2023-08-22T10:07:58+00:00 CRITICAL Uncaught Error: Call to a member function get_billing_phone() on bool in /opt/lampp/htdocs/wordpress/wp-content/plugins/sms/send-sms-basic.php:29
Stack trace:
#0 /opt/lampp/htdocs/wordpress/wp-includes/shortcodes.php(395): send_data_to_api('', '', 'custom_shortcod...')
#1 [internal function]: do_shortcode_tag(Array)
#2 /opt/lampp/htdocs/wordpress/wp-includes/shortcodes.php(235): preg_replace_callback('/\\[(\\[?)(custom...', 'do_shortcode_ta...', '[custom_shortco...')
#3 /opt/lampp/htdocs/wordpress/wp-content/themes/simple-woocommerce-theme/home.php(7): do_shortcode('[custom_shortco...')
#4 /opt/lampp/htdocs/wordpress/wp-includes/template-loader.php(106): include('/opt/lampp/htdo...')
#5 /opt/lampp/htdocs/wordpress/wp-blog-header.php(19): require_once('/opt/lampp/htdo...')
#6 /opt/lampp/htdocs/wordpress/index.php(17): require('/opt/lampp/htdo...')
#7 {main}
  thrown in /opt/lampp/htdocs/wordpress/wp-content/plugins/sms/send-sms-basic.php on line 29

2023-08-22T10:11:07+00:00 CRITICAL Uncaught Error: Call to a member function get_billing_first_name() on bool in /opt/lampp/htdocs/wordpress/wp-content/plugins/sms/send-sms-basic.php:30
Stack trace:
#0 /opt/lampp/htdocs/wordpress/wp-includes/shortcodes.php(395): send_data_to_api('', '', 'custom_shortcod...')
#1 [internal function]: do_shortcode_tag(Array)
#2 /opt/lampp/htdocs/wordpress/wp-includes/shortcodes.php(235): preg_replace_callback('/\\[(\\[?)(custom...', 'do_shortcode_ta...', '[custom_shortco...')
#3 /opt/lampp/htdocs/wordpress/wp-content/themes/simple-woocommerce-theme/home.php(7): do_shortcode('[custom_shortco...')
#4 /opt/lampp/htdocs/wordpress/wp-includes/template-loader.php(106): include('/opt/lampp/htdo...')
#5 /opt/lampp/htdocs/wordpress/wp-blog-header.php(19): require_once('/opt/lampp/htdo...')
#6 /opt/lampp/htdocs/wordpress/index.php(17): require('/opt/lampp/htdo...')
#7 {main}
  thrown in /opt/lampp/htdocs/wordpress/wp-content/plugins/sms/send-sms-basic.php on line 30

2023-08-22T10:32:00+00:00 CRITICAL Uncaught Error: Call to a member function get_billing_phone() on bool in /opt/lampp/htdocs/wordpress/wp-content/plugins/sms/send-sms-basic.php:29
Stack trace:
#0 /opt/lampp/htdocs/wordpress/wp-includes/shortcodes.php(395): send_data_to_api('', '', 'custom_shortcod...')
#1 [internal function]: do_shortcode_tag(Array)
#2 /opt/lampp/htdocs/wordpress/wp-includes/shortcodes.php(235): preg_replace_callback('/\\[(\\[?)(custom...', 'do_shortcode_ta...', '[custom_shortco...')
#3 /opt/lampp/htdocs/wordpress/wp-content/themes/simple-woocommerce-theme/home.php(7): do_shortcode('[custom_shortco...')
#4 /opt/lampp/htdocs/wordpress/wp-includes/template-loader.php(106): include('/opt/lampp/htdo...')
#5 /opt/lampp/htdocs/wordpress/wp-blog-header.php(19): require_once('/opt/lampp/htdo...')
#6 /opt/lampp/htdocs/wordpress/index.php(17): require('/opt/lampp/htdo...')
#7 {main}
  thrown in /opt/lampp/htdocs/wordpress/wp-content/plugins/sms/send-sms-basic.php on line 29

2023-08-22T10:36:37+00:00 CRITICAL Uncaught Error: Call to undefined method Automattic\WooCommerce\Admin\Overrides\Order::get_billing() in /opt/lampp/htdocs/wordpress/wp-content/plugins/sms/send-sms-basic.php:33
Stack trace:
#0 /opt/lampp/htdocs/wordpress/wp-includes/class-wp-hook.php(312): send_data_to_api(381)
#1 /opt/lampp/htdocs/wordpress/wp-includes/class-wp-hook.php(334): WP_Hook->apply_filters('', Array)
#2 /opt/lampp/htdocs/wordpress/wp-includes/plugin.php(517): WP_Hook->do_action(Array)
#3 /opt/lampp/htdocs/wordpress/wp-content/plugins/woocommerce/includes/data-stores/class-wc-order-data-store-cpt.php(103): do_action('woocommerce_new...', 381, Object(WC_Order))
#4 /opt/lampp/htdocs/wordpress/wp-content/plugins/woocommerce/includes/class-wc-data-store.php(186): WC_Order_Data_Store_CPT->create(Object(WC_Order))
#5 /opt/lampp/htdocs/wordpress/wp-content/plugins/woocommerce/includes/abstracts/abstract-wc-order.php(214): WC_Data_Store->create(Object(WC_Order))
#6 /opt/lampp/htdocs/wordpress/wp-content/plugins/woocommerce/includes/class-wc-order.php(252): WC_Abstract_Order->save()
#7 /opt/lampp/htdocs/wordpress/wp-content/plugins/woocommerce/includes/class-wc-checkout.php(449): WC_Order->save()
#8 /opt/lampp/htdocs/wordpress/wp-content/plugins/woocommerce/includes/class-wc-checkout.php(1256): WC_Checkout->create_order(Array)
#9 /opt/lampp/htdocs/wordpress/wp-content/plugins/woocommerce/includes/class-wc-ajax.php(508): WC_Checkout->process_checkout()
#10 /opt/lampp/htdocs/wordpress/wp-includes/class-wp-hook.php(310): WC_AJAX::checkout('')
#11 /opt/lampp/htdocs/wordpress/wp-includes/class-wp-hook.php(334): WP_Hook->apply_filters('', Array)
#12 /opt/lampp/htdocs/wordpress/wp-includes/plugin.php(517): WP_Hook->do_action(Array)
#13 /opt/lampp/htdocs/wordpress/wp-content/plugins/woocommerce/includes/class-wc-ajax.php(96): do_action('wc_ajax_checkou...')
#14 /opt/lampp/htdocs/wordpress/wp-includes/class-wp-hook.php(310): WC_AJAX::do_wc_ajax('')
#15 /opt/lampp/htdocs/wordpress/wp-includes/class-wp-hook.php(334): WP_Hook->apply_filters(false, Array)
#16 /opt/lampp/htdocs/wordpress/wp-includes/plugin.php(517): WP_Hook->do_action(Array)
#17 /opt/lampp/htdocs/wordpress/wp-includes/template-loader.php(13): do_action('template_redire...')
#18 /opt/lampp/htdocs/wordpress/wp-blog-header.php(19): require_once('/opt/lampp/htdo...')
#19 /opt/lampp/htdocs/wordpress/index.php(17): require('/opt/lampp/htdo...')
#20 {main}
  thrown in /opt/lampp/htdocs/wordpress/wp-content/plugins/sms/send-sms-basic.php on line 33

2023-08-22T10:37:00+00:00 CRITICAL Uncaught Error: Call to undefined method Automattic\WooCommerce\Admin\Overrides\Order::get_billing() in /opt/lampp/htdocs/wordpress/wp-content/plugins/sms/send-sms-basic.php:33
Stack trace:
#0 /opt/lampp/htdocs/wordpress/wp-includes/class-wp-hook.php(312): send_data_to_api(382)
#1 /opt/lampp/htdocs/wordpress/wp-includes/class-wp-hook.php(334): WP_Hook->apply_filters('', Array)
#2 /opt/lampp/htdocs/wordpress/wp-includes/plugin.php(517): WP_Hook->do_action(Array)
#3 /opt/lampp/htdocs/wordpress/wp-content/plugins/woocommerce/includes/data-stores/class-wc-order-data-store-cpt.php(103): do_action('woocommerce_new...', 382, Object(WC_Order))
#4 /opt/lampp/htdocs/wordpress/wp-content/plugins/woocommerce/includes/class-wc-data-store.php(186): WC_Order_Data_Store_CPT->create(Object(WC_Order))
#5 /opt/lampp/htdocs/wordpress/wp-content/plugins/woocommerce/includes/abstracts/abstract-wc-order.php(214): WC_Data_Store->create(Object(WC_Order))
#6 /opt/lampp/htdocs/wordpress/wp-content/plugins/woocommerce/includes/class-wc-order.php(252): WC_Abstract_Order->save()
#7 /opt/lampp/htdocs/wordpress/wp-content/plugins/woocommerce/includes/class-wc-checkout.php(449): WC_Order->save()
#8 /opt/lampp/htdocs/wordpress/wp-content/plugins/woocommerce/includes/class-wc-checkout.php(1256): WC_Checkout->create_order(Array)
#9 /opt/lampp/htdocs/wordpress/wp-content/plugins/woocommerce/includes/class-wc-ajax.php(508): WC_Checkout->process_checkout()
#10 /opt/lampp/htdocs/wordpress/wp-includes/class-wp-hook.php(310): WC_AJAX::checkout('')
#11 /opt/lampp/htdocs/wordpress/wp-includes/class-wp-hook.php(334): WP_Hook->apply_filters('', Array)
#12 /opt/lampp/htdocs/wordpress/wp-includes/plugin.php(517): WP_Hook->do_action(Array)
#13 /opt/lampp/htdocs/wordpress/wp-content/plugins/woocommerce/includes/class-wc-ajax.php(96): do_action('wc_ajax_checkou...')
#14 /opt/lampp/htdocs/wordpress/wp-includes/class-wp-hook.php(310): WC_AJAX::do_wc_ajax('')
#15 /opt/lampp/htdocs/wordpress/wp-includes/class-wp-hook.php(334): WP_Hook->apply_filters(false, Array)
#16 /opt/lampp/htdocs/wordpress/wp-includes/plugin.php(517): WP_Hook->do_action(Array)
#17 /opt/lampp/htdocs/wordpress/wp-includes/template-loader.php(13): do_action('template_redire...')
#18 /opt/lampp/htdocs/wordpress/wp-blog-header.php(19): require_once('/opt/lampp/htdo...')
#19 /opt/lampp/htdocs/wordpress/index.php(17): require('/opt/lampp/htdo...')
#20 {main}
  thrown in /opt/lampp/htdocs/wordpress/wp-content/plugins/sms/send-sms-basic.php on line 33

2023-08-22T10:38:51+00:00 CRITICAL Uncaught Error: Call to undefined method Automattic\WooCommerce\Admin\Overrides\Order::get_billing_address() in /opt/lampp/htdocs/wordpress/wp-content/plugins/sms/send-sms-basic.php:33
Stack trace:
#0 /opt/lampp/htdocs/wordpress/wp-includes/class-wp-hook.php(312): send_data_to_api(383)
#1 /opt/lampp/htdocs/wordpress/wp-includes/class-wp-hook.php(334): WP_Hook->apply_filters('', Array)
#2 /opt/lampp/htdocs/wordpress/wp-includes/plugin.php(517): WP_Hook->do_action(Array)
#3 /opt/lampp/htdocs/wordpress/wp-content/plugins/woocommerce/includes/data-stores/class-wc-order-data-store-cpt.php(103): do_action('woocommerce_new...', 383, Object(WC_Order))
#4 /opt/lampp/htdocs/wordpress/wp-content/plugins/woocommerce/includes/class-wc-data-store.php(186): WC_Order_Data_Store_CPT->create(Object(WC_Order))
#5 /opt/lampp/htdocs/wordpress/wp-content/plugins/woocommerce/includes/abstracts/abstract-wc-order.php(214): WC_Data_Store->create(Object(WC_Order))
#6 /opt/lampp/htdocs/wordpress/wp-content/plugins/woocommerce/includes/class-wc-order.php(252): WC_Abstract_Order->save()
#7 /opt/lampp/htdocs/wordpress/wp-content/plugins/woocommerce/includes/class-wc-checkout.php(449): WC_Order->save()
#8 /opt/lampp/htdocs/wordpress/wp-content/plugins/woocommerce/includes/class-wc-checkout.php(1256): WC_Checkout->create_order(Array)
#9 /opt/lampp/htdocs/wordpress/wp-content/plugins/woocommerce/includes/class-wc-ajax.php(508): WC_Checkout->process_checkout()
#10 /opt/lampp/htdocs/wordpress/wp-includes/class-wp-hook.php(310): WC_AJAX::checkout('')
#11 /opt/lampp/htdocs/wordpress/wp-includes/class-wp-hook.php(334): WP_Hook->apply_filters('', Array)
#12 /opt/lampp/htdocs/wordpress/wp-includes/plugin.php(517): WP_Hook->do_action(Array)
#13 /opt/lampp/htdocs/wordpress/wp-content/plugins/woocommerce/includes/class-wc-ajax.php(96): do_action('wc_ajax_checkou...')
#14 /opt/lampp/htdocs/wordpress/wp-includes/class-wp-hook.php(310): WC_AJAX::do_wc_ajax('')
#15 /opt/lampp/htdocs/wordpress/wp-includes/class-wp-hook.php(334): WP_Hook->apply_filters(false, Array)
#16 /opt/lampp/htdocs/wordpress/wp-includes/plugin.php(517): WP_Hook->do_action(Array)
#17 /opt/lampp/htdocs/wordpress/wp-includes/template-loader.php(13): do_action('template_redire...')
#18 /opt/lampp/htdocs/wordpress/wp-blog-header.php(19): require_once('/opt/lampp/htdo...')
#19 /opt/lampp/htdocs/wordpress/index.php(17): require('/opt/lampp/htdo...')
#20 {main}
  thrown in /opt/lampp/htdocs/wordpress/wp-content/plugins/sms/send-sms-basic.php on line 33

2023-08-22T10:39:26+00:00 CRITICAL Uncaught Error: Call to undefined method Automattic\WooCommerce\Admin\Overrides\Order::get_billing_address() in /opt/lampp/htdocs/wordpress/wp-content/plugins/sms/send-sms-basic.php:33
Stack trace:
#0 /opt/lampp/htdocs/wordpress/wp-includes/class-wp-hook.php(312): send_data_to_api(384)
#1 /opt/lampp/htdocs/wordpress/wp-includes/class-wp-hook.php(334): WP_Hook->apply_filters('', Array)
#2 /opt/lampp/htdocs/wordpress/wp-includes/plugin.php(517): WP_Hook->do_action(Array)
#3 /opt/lampp/htdocs/wordpress/wp-content/plugins/woocommerce/includes/data-stores/class-wc-order-data-store-cpt.php(103): do_action('woocommerce_new...', 384, Object(WC_Order))
#4 /opt/lampp/htdocs/wordpress/wp-content/plugins/woocommerce/includes/class-wc-data-store.php(186): WC_Order_Data_Store_CPT->create(Object(WC_Order))
#5 /opt/lampp/htdocs/wordpress/wp-content/plugins/woocommerce/includes/abstracts/abstract-wc-order.php(214): WC_Data_Store->create(Object(WC_Order))
#6 /opt/lampp/htdocs/wordpress/wp-content/plugins/woocommerce/includes/class-wc-order.php(252): WC_Abstract_Order->save()
#7 /opt/lampp/htdocs/wordpress/wp-content/plugins/woocommerce/includes/class-wc-checkout.php(449): WC_Order->save()
#8 /opt/lampp/htdocs/wordpress/wp-content/plugins/woocommerce/includes/class-wc-checkout.php(1256): WC_Checkout->create_order(Array)
#9 /opt/lampp/htdocs/wordpress/wp-content/plugins/woocommerce/includes/class-wc-ajax.php(508): WC_Checkout->process_checkout()
#10 /opt/lampp/htdocs/wordpress/wp-includes/class-wp-hook.php(310): WC_AJAX::checkout('')
#11 /opt/lampp/htdocs/wordpress/wp-includes/class-wp-hook.php(334): WP_Hook->apply_filters('', Array)
#12 /opt/lampp/htdocs/wordpress/wp-includes/plugin.php(517): WP_Hook->do_action(Array)
#13 /opt/lampp/htdocs/wordpress/wp-content/plugins/woocommerce/includes/class-wc-ajax.php(96): do_action('wc_ajax_checkou...')
#14 /opt/lampp/htdocs/wordpress/wp-includes/class-wp-hook.php(310): WC_AJAX::do_wc_ajax('')
#15 /opt/lampp/htdocs/wordpress/wp-includes/class-wp-hook.php(334): WP_Hook->apply_filters(false, Array)
#16 /opt/lampp/htdocs/wordpress/wp-includes/plugin.php(517): WP_Hook->do_action(Array)
#17 /opt/lampp/htdocs/wordpress/wp-includes/template-loader.php(13): do_action('template_redire...')
#18 /opt/lampp/htdocs/wordpress/wp-blog-header.php(19): require_once('/opt/lampp/htdo...')
#19 /opt/lampp/htdocs/wordpress/index.php(17): require('/opt/lampp/htdo...')
#20 {main}
  thrown in /opt/lampp/htdocs/wordpress/wp-content/plugins/sms/send-sms-basic.php on line 33

2023-08-22T10:40:41+00:00 CRITICAL Uncaught Error: Call to undefined method Automattic\WooCommerce\Admin\Overrides\Order::get_billing_address() in /opt/lampp/htdocs/wordpress/wp-content/plugins/sms/send-sms-basic.php:33
Stack trace:
#0 /opt/lampp/htdocs/wordpress/wp-includes/class-wp-hook.php(312): send_data_to_api(385)
#1 /opt/lampp/htdocs/wordpress/wp-includes/class-wp-hook.php(334): WP_Hook->apply_filters('', Array)
#2 /opt/lampp/htdocs/wordpress/wp-includes/plugin.php(517): WP_Hook->do_action(Array)
#3 /opt/lampp/htdocs/wordpress/wp-content/plugins/woocommerce/includes/data-stores/class-wc-order-data-store-cpt.php(103): do_action('woocommerce_new...', 385, Object(WC_Order))
#4 /opt/lampp/htdocs/wordpress/wp-content/plugins/woocommerce/includes/class-wc-data-store.php(186): WC_Order_Data_Store_CPT->create(Object(WC_Order))
#5 /opt/lampp/htdocs/wordpress/wp-content/plugins/woocommerce/includes/abstracts/abstract-wc-order.php(214): WC_Data_Store->create(Object(WC_Order))
#6 /opt/lampp/htdocs/wordpress/wp-content/plugins/woocommerce/includes/class-wc-order.php(252): WC_Abstract_Order->save()
#7 /opt/lampp/htdocs/wordpress/wp-content/plugins/woocommerce/includes/class-wc-checkout.php(449): WC_Order->save()
#8 /opt/lampp/htdocs/wordpress/wp-content/plugins/woocommerce/includes/class-wc-checkout.php(1256): WC_Checkout->create_order(Array)
#9 /opt/lampp/htdocs/wordpress/wp-content/plugins/woocommerce/includes/class-wc-ajax.php(508): WC_Checkout->process_checkout()
#10 /opt/lampp/htdocs/wordpress/wp-includes/class-wp-hook.php(310): WC_AJAX::checkout('')
#11 /opt/lampp/htdocs/wordpress/wp-includes/class-wp-hook.php(334): WP_Hook->apply_filters('', Array)
#12 /opt/lampp/htdocs/wordpress/wp-includes/plugin.php(517): WP_Hook->do_action(Array)
#13 /opt/lampp/htdocs/wordpress/wp-content/plugins/woocommerce/includes/class-wc-ajax.php(96): do_action('wc_ajax_checkou...')
#14 /opt/lampp/htdocs/wordpress/wp-includes/class-wp-hook.php(310): WC_AJAX::do_wc_ajax('')
#15 /opt/lampp/htdocs/wordpress/wp-includes/class-wp-hook.php(334): WP_Hook->apply_filters(false, Array)
#16 /opt/lampp/htdocs/wordpress/wp-includes/plugin.php(517): WP_Hook->do_action(Array)
#17 /opt/lampp/htdocs/wordpress/wp-includes/template-loader.php(13): do_action('template_redire...')
#18 /opt/lampp/htdocs/wordpress/wp-blog-header.php(19): require_once('/opt/lampp/htdo...')
#19 /opt/lampp/htdocs/wordpress/index.php(17): require('/opt/lampp/htdo...')
#20 {main}
  thrown in /opt/lampp/htdocs/wordpress/wp-content/plugins/sms/send-sms-basic.php on line 33

2023-08-22T11:35:23+00:00 CRITICAL Allowed memory size of 536870912 bytes exhausted (tried to allocate 4194312 bytes) in /opt/lampp/htdocs/wordpress/wp-includes/class-wp-hook.php on line 297

2023-08-22T11:35:29+00:00 CRITICAL Allowed memory size of 536870912 bytes exhausted (tried to allocate 4194312 bytes) in /opt/lampp/htdocs/wordpress/wp-includes/class-wp-hook.php on line 297

2023-08-22T11:36:11+00:00 CRITICAL Allowed memory size of 536870912 bytes exhausted (tried to allocate 4194312 bytes) in /opt/lampp/htdocs/wordpress/wp-includes/class-wp-hook.php on line 297

