2023-09-08T04:18:55+00:00 CRITICAL Uncaught TypeError: call_user_func_array(): Argument #1 ($callback) must be a valid callback, class Wallet_System_For_Wc_Admin does not have a method "create_custom_order" in /opt/lampp/htdocs/wordpress/wp-includes/class-wp-hook.php:310
Stack trace:
#0 /opt/lampp/htdocs/wordpress/wp-includes/class-wp-hook.php(334): WP_Hook->apply_filters('', Array)
#1 /opt/lampp/htdocs/wordpress/wp-includes/plugin.php(517): WP_Hook->do_action(Array)
#2 /opt/lampp/htdocs/wordpress/wp-admin/admin-ajax.php(188): do_action('wp_ajax_create_...')
#3 {main}
  thrown in /opt/lampp/htdocs/wordpress/wp-includes/class-wp-hook.php on line 310

2023-09-08T04:18:58+00:00 CRITICAL Uncaught TypeError: call_user_func_array(): Argument #1 ($callback) must be a valid callback, class Wallet_System_For_Wc_Admin does not have a method "create_custom_order" in /opt/lampp/htdocs/wordpress/wp-includes/class-wp-hook.php:310
Stack trace:
#0 /opt/lampp/htdocs/wordpress/wp-includes/class-wp-hook.php(334): WP_Hook->apply_filters('', Array)
#1 /opt/lampp/htdocs/wordpress/wp-includes/plugin.php(517): WP_Hook->do_action(Array)
#2 /opt/lampp/htdocs/wordpress/wp-admin/admin-ajax.php(188): do_action('wp_ajax_create_...')
#3 {main}
  thrown in /opt/lampp/htdocs/wordpress/wp-includes/class-wp-hook.php on line 310

2023-09-08T04:19:01+00:00 CRITICAL Uncaught TypeError: call_user_func_array(): Argument #1 ($callback) must be a valid callback, class Wallet_System_For_Wc_Admin does not have a method "create_custom_order" in /opt/lampp/htdocs/wordpress/wp-includes/class-wp-hook.php:310
Stack trace:
#0 /opt/lampp/htdocs/wordpress/wp-includes/class-wp-hook.php(334): WP_Hook->apply_filters('', Array)
#1 /opt/lampp/htdocs/wordpress/wp-includes/plugin.php(517): WP_Hook->do_action(Array)
#2 /opt/lampp/htdocs/wordpress/wp-admin/admin-ajax.php(188): do_action('wp_ajax_create_...')
#3 {main}
  thrown in /opt/lampp/htdocs/wordpress/wp-includes/class-wp-hook.php on line 310

2023-09-08T05:20:35+00:00 CRITICAL Uncaught Error: Non-static method Wallet_System_For_Wc_Deactivator::deactivate() cannot be called statically in /opt/lampp/htdocs/wordpress/wp-content/plugins/wallet-system-for-wc/wallet-system-for-wc.php:58
Stack trace:
#0 /opt/lampp/htdocs/wordpress/wp-includes/class-wp-hook.php(310): deactivate_wallet_system_for_wc(false)
#1 /opt/lampp/htdocs/wordpress/wp-includes/class-wp-hook.php(334): WP_Hook->apply_filters('', Array)
#2 /opt/lampp/htdocs/wordpress/wp-includes/plugin.php(517): WP_Hook->do_action(Array)
#3 /opt/lampp/htdocs/wordpress/wp-admin/includes/plugin.php(816): do_action('deactivate_wall...', false)
#4 /opt/lampp/htdocs/wordpress/wp-admin/plugins.php(209): deactivate_plugins('wallet-system-f...', false, false)
#5 {main}
  thrown in /opt/lampp/htdocs/wordpress/wp-content/plugins/wallet-system-for-wc/wallet-system-for-wc.php on line 58

2023-09-08T05:27:50+00:00 CRITICAL Uncaught Error: Call to undefined function get_field() in /opt/lampp/htdocs/wordpress/wp-content/themes/simple-woocommerce-theme/include/wc-modifications.php:90
Stack trace:
#0 /opt/lampp/htdocs/wordpress/wp-includes/class-wp-hook.php(310): add_custom_field('')
#1 /opt/lampp/htdocs/wordpress/wp-includes/class-wp-hook.php(334): WP_Hook->apply_filters(NULL, Array)
#2 /opt/lampp/htdocs/wordpress/wp-includes/plugin.php(517): WP_Hook->do_action(Array)
#3 /opt/lampp/htdocs/wordpress/wp-content/themes/simple-woocommerce-theme/woocommerce/content-single-product.php(60): do_action('woocommerce_sin...')
#4 /opt/lampp/htdocs/wordpress/wp-includes/template.php(787): require('/opt/lampp/htdo...')
#5 /opt/lampp/htdocs/wordpress/wp-content/plugins/woocommerce/includes/wc-core-functions.php(284): load_template('/opt/lampp/htdo...', false)
#6 /opt/lampp/htdocs/wordpress/wp-content/themes/simple-woocommerce-theme/woocommerce/single-product.php(37): wc_get_template_part('content', 'single-product')
#7 /opt/lampp/htdocs/wordpress/wp-includes/template-loader.php(106): include('/opt/lampp/htdo...')
#8 /opt/lampp/htdocs/wordpress/wp-blog-header.php(19): require_once('/opt/lampp/htdo...')
#9 /opt/lampp/htdocs/wordpress/index.php(17): require('/opt/lampp/htdo...')
#10 {main}
  thrown in /opt/lampp/htdocs/wordpress/wp-content/themes/simple-woocommerce-theme/include/wc-modifications.php on line 90

2023-09-08T09:22:00+00:00 CRITICAL Uncaught Error: Call to undefined function get_field() in /opt/lampp/htdocs/wordpress/wp-content/themes/simple-woocommerce-theme/include/wc-modifications.php:90
Stack trace:
#0 /opt/lampp/htdocs/wordpress/wp-includes/class-wp-hook.php(310): add_custom_field('')
#1 /opt/lampp/htdocs/wordpress/wp-includes/class-wp-hook.php(334): WP_Hook->apply_filters(NULL, Array)
#2 /opt/lampp/htdocs/wordpress/wp-includes/plugin.php(517): WP_Hook->do_action(Array)
#3 /opt/lampp/htdocs/wordpress/wp-content/themes/simple-woocommerce-theme/woocommerce/content-single-product.php(60): do_action('woocommerce_sin...')
#4 /opt/lampp/htdocs/wordpress/wp-includes/template.php(787): require('/opt/lampp/htdo...')
#5 /opt/lampp/htdocs/wordpress/wp-content/plugins/woocommerce/includes/wc-core-functions.php(284): load_template('/opt/lampp/htdo...', false)
#6 /opt/lampp/htdocs/wordpress/wp-content/themes/simple-woocommerce-theme/woocommerce/single-product.php(37): wc_get_template_part('content', 'single-product')
#7 /opt/lampp/htdocs/wordpress/wp-includes/template-loader.php(106): include('/opt/lampp/htdo...')
#8 /opt/lampp/htdocs/wordpress/wp-blog-header.php(19): require_once('/opt/lampp/htdo...')
#9 /opt/lampp/htdocs/wordpress/index.php(17): require('/opt/lampp/htdo...')
#10 {main}
  thrown in /opt/lampp/htdocs/wordpress/wp-content/themes/simple-woocommerce-theme/include/wc-modifications.php on line 90

2023-09-08T09:22:05+00:00 CRITICAL Uncaught Error: Call to undefined function get_field() in /opt/lampp/htdocs/wordpress/wp-content/themes/simple-woocommerce-theme/include/wc-modifications.php:90
Stack trace:
#0 /opt/lampp/htdocs/wordpress/wp-includes/class-wp-hook.php(310): add_custom_field('')
#1 /opt/lampp/htdocs/wordpress/wp-includes/class-wp-hook.php(334): WP_Hook->apply_filters(NULL, Array)
#2 /opt/lampp/htdocs/wordpress/wp-includes/plugin.php(517): WP_Hook->do_action(Array)
#3 /opt/lampp/htdocs/wordpress/wp-content/themes/simple-woocommerce-theme/woocommerce/content-single-product.php(60): do_action('woocommerce_sin...')
#4 /opt/lampp/htdocs/wordpress/wp-includes/template.php(787): require('/opt/lampp/htdo...')
#5 /opt/lampp/htdocs/wordpress/wp-content/plugins/woocommerce/includes/wc-core-functions.php(284): load_template('/opt/lampp/htdo...', false)
#6 /opt/lampp/htdocs/wordpress/wp-content/themes/simple-woocommerce-theme/woocommerce/single-product.php(37): wc_get_template_part('content', 'single-product')
#7 /opt/lampp/htdocs/wordpress/wp-includes/template-loader.php(106): include('/opt/lampp/htdo...')
#8 /opt/lampp/htdocs/wordpress/wp-blog-header.php(19): require_once('/opt/lampp/htdo...')
#9 /opt/lampp/htdocs/wordpress/index.php(17): require('/opt/lampp/htdo...')
#10 {main}
  thrown in /opt/lampp/htdocs/wordpress/wp-content/themes/simple-woocommerce-theme/include/wc-modifications.php on line 90

2023-09-08T10:33:19+00:00 CRITICAL Uncaught Error: Call to undefined function get_field() in /opt/lampp/htdocs/wordpress/wp-content/themes/simple-woocommerce-theme/include/wc-modifications.php:90
Stack trace:
#0 /opt/lampp/htdocs/wordpress/wp-includes/class-wp-hook.php(310): add_custom_field('')
#1 /opt/lampp/htdocs/wordpress/wp-includes/class-wp-hook.php(334): WP_Hook->apply_filters(NULL, Array)
#2 /opt/lampp/htdocs/wordpress/wp-includes/plugin.php(517): WP_Hook->do_action(Array)
#3 /opt/lampp/htdocs/wordpress/wp-content/themes/simple-woocommerce-theme/woocommerce/content-single-product.php(60): do_action('woocommerce_sin...')
#4 /opt/lampp/htdocs/wordpress/wp-includes/template.php(787): require('/opt/lampp/htdo...')
#5 /opt/lampp/htdocs/wordpress/wp-content/plugins/woocommerce/includes/wc-core-functions.php(284): load_template('/opt/lampp/htdo...', false)
#6 /opt/lampp/htdocs/wordpress/wp-content/themes/simple-woocommerce-theme/woocommerce/single-product.php(37): wc_get_template_part('content', 'single-product')
#7 /opt/lampp/htdocs/wordpress/wp-includes/template-loader.php(106): include('/opt/lampp/htdo...')
#8 /opt/lampp/htdocs/wordpress/wp-blog-header.php(19): require_once('/opt/lampp/htdo...')
#9 /opt/lampp/htdocs/wordpress/index.php(17): require('/opt/lampp/htdo...')
#10 {main}
  thrown in /opt/lampp/htdocs/wordpress/wp-content/themes/simple-woocommerce-theme/include/wc-modifications.php on line 90

